<?xml version="1.0" encoding="UTF-8"?>
<!-- Generated by org.testng.reporters.JUnitReportReporter -->
<testsuite hostname="DESKTOP-G25F7V2" failures="0" tests="6" name="api.test.TTDtests" time="9.878" errors="0" timestamp="2023-08-26T11:35:18 IST" skipped="0">
  <testcase classname="api.test.TTDtests" name="testpostuser" time="1.321"/>
  <system-out/>
  <testcase classname="api.test.TTDtests" name="testpostuser" time="1.318"/>
  <system-out/>
  <testcase classname="api.test.TTDtests" name="testpostuser" time="3.246"/>
  <system-out/>
  <testcase classname="api.test.TTDtests" name="testgetuser" time="1.313"/>
  <system-out/>
  <testcase classname="api.test.TTDtests" name="testgetuser" time="1.322"/>
  <system-out/>
  <testcase classname="api.test.TTDtests" name="testgetuser" time="1.358"/>
  <system-out/>
</testsuite> <!-- api.test.TTDtests -->
