<?xml version="1.0" encoding="UTF-8"?>
<!-- Generated by org.testng.reporters.JUnitReportReporter -->
<testsuite hostname="DESKTOP-G25F7V2" failures="0" tests="4" name="api.test.Usertests2" time="9.191" errors="0" timestamp="2023-08-28T22:07:05 IST" skipped="0">
  <testcase classname="api.test.Usertests2" name="testpostuser" time="4.219"/>
  <system-out/>
  <testcase classname="api.test.Usertests2" name="testgetuser" time="1.743"/>
  <system-out/>
  <testcase classname="api.test.Usertests2" name="testupdateuser" time="1.609"/>
  <system-out/>
  <testcase classname="api.test.Usertests2" name="testdeleteuser" time="1.620"/>
  <system-out/>
</testsuite> <!-- api.test.Usertests2 -->
