<?xml version="1.0" encoding="UTF-8"?>
<!-- Generated by org.testng.reporters.JUnitReportReporter -->
<testsuite hostname="DESKTOP-G25F7V2" failures="0" tests="4" name="api.test.Usertests" time="7.320" errors="0" timestamp="2023-08-26T11:47:14 IST" skipped="0">
  <testcase classname="api.test.Usertests" name="testpostuser" time="3.125"/>
  <system-out/>
  <testcase classname="api.test.Usertests" name="testgetuser" time="1.392"/>
  <system-out/>
  <testcase classname="api.test.Usertests" name="testupdateuser" time="1.471"/>
  <system-out/>
  <testcase classname="api.test.Usertests" name="testdeleteuser" time="1.332"/>
  <system-out/>
</testsuite> <!-- api.test.Usertests -->
