<?xml version="1.0" encoding="UTF-8"?>
<!-- Generated by org.testng.reporters.JUnitReportReporter -->
<testsuite hostname="DESKTOP-G25F7V2" failures="0" tests="4" name="api.test.Usertests2" time="18.925" errors="0" timestamp="2023-08-28T22:14:31 IST" skipped="0">
  <testcase classname="api.test.Usertests2" name="testpostuser" time="7.663"/>
  <system-out/>
  <testcase classname="api.test.Usertests2" name="testgetuser" time="4.315"/>
  <system-out/>
  <testcase classname="api.test.Usertests2" name="testupdateuser" time="2.872"/>
  <system-out/>
  <testcase classname="api.test.Usertests2" name="testdeleteuser" time="4.075"/>
  <system-out/>
</testsuite> <!-- api.test.Usertests2 -->
